ar5439
*   b90a78c 9th commmit
|\  
| *   b4fc323 8th commmit
| |\  
| * | f3d615b 5th commit
* | |   c3ff1c7 7th commmit
|\ \ \  
| |_|/  
|/| |   
| * | 90d2c9b 6th commit
* | |   32f437d 4th commmit
|\ \ \  
| |/ /  
| | /   
| |/    
|/|     
| * 54b0913 2nd commit
* | 23ae7a0 3rd commit
|/  
* 580b4ec 1st commit

bs3485
*   f257757 9th commmit
|\  
| *   79fcc8d 8th commmit
| |\  
| * | f2e1ce2 5th commit
* | |   dbf720f 7th commmit
|\ \ \  
| |_|/  
|/| |   
| * | 9d66efa 6th commit
* | |   2910901 4th commmit
|\ \ \  
| |/ /  
| | /   
| |/    
|/|     
| * 0554a3b 2nd commit
* | 10d721b 3rd commit
|/  
* 80dd889 1st commit

