bs3485
*   f257757 9th commmit
|\
| *   79fcc8d 8th commmit
| |\
| * | f2e1ce2 5th commit
* | |   dbf720f 7th commmit
|\ \ \
| |_|/
|/| |
| * | 9d66efa 6th commit
* | |   2910901 4th commmit
|\ \ \
| |/ /
| | /
| |/
|/|
| * 0554a3b 2nd commit
* | 10d721b 3rd commit
|/
* 80dd889 1st commit

ds5387
*   f124f7c 9th commmit
|\
| *   3382764 8th commmit
| |\
| * | 829fc84 5th commit
* | |   44476ae 7th commmit
|\ \ \
| |_|/
|/| |
| * | bd67170 6th commit
* | |   1282a06 4th commmit
|\ \ \
| |/ /
| | /
| |/
|/|
| * e53c640 2nd commit
* | 000f26b 3rd commit
|/
* 43806f1 1st commit
