ar5439
*   b90a78c 9th commmit
|\
| *   b4fc323 8th commmit
| |\
| * | f3d615b 5th commit
* | |   c3ff1c7 7th commmit
|\ \ \
| |_|/
|/| |
| * | 90d2c9b 6th commit
* | |   32f437d 4th commmit
|\ \ \
| |/ /
| | /
| |/
|/|
| * 54b0913 2nd commit
* | 23ae7a0 3rd commit
|/
* 580b4ec 1st commit

bs3485
*   f257757 9th commmit
|\
| *   79fcc8d 8th commmit
| |\
| * | f2e1ce2 5th commit
* | |   dbf720f 7th commmit
|\ \ \
| |_|/
|/| |
| * | 9d66efa 6th commit
* | |   2910901 4th commmit
|\ \ \
| |/ /
| | /
| |/
|/|
| * 0554a3b 2nd commit
* | 10d721b 3rd commit
|/
* 80dd889 1st commit

ds5387
*   f124f7c 9th commmit
|\
| *   3382764 8th commmit
| |\
| * | 829fc84 5th commit
* | |   44476ae 7th commmit
|\ \ \
| |_|/
|/| |
| * | bd67170 6th commit
* | |   1282a06 4th commmit
|\ \ \
| |/ /
| | /
| |/
|/|
| * e53c640 2nd commit
* | 000f26b 3rd commit
|/
* 43806f1 1st commit

bs3485
*   f257757 9th commmit
|\
| *   79fcc8d 8th commmit
| |\
| * | f2e1ce2 5th commit
* | |   dbf720f 7th commmit
|\ \ \
| |_|/
|/| |
| * | 9d66efa 6th commit
* | |   2910901 4th commmit
|\ \ \
| |/ /
| | /
| |/
|/|
| * 0554a3b 2nd commit
* | 10d721b 3rd commit
|/
* 80dd889 1st commit

ds5387
*   f124f7c 9th commmit
|\
| *   3382764 8th commmit
| |\
| * | 829fc84 5th commit
* | |   44476ae 7th commmit
|\ \ \
| |_|/
|/| |
| * | bd67170 6th commit
* | |   1282a06 4th commmit
|\ \ \
| |/ /
| | /
| |/
|/|
| * e53c640 2nd commit
* | 000f26b 3rd commit
|/
* 43806f1 1st commit

vs1915
*   c2c7e66 9th commmit
|\
| *   bc26470 8th commmit
| |\
| * | 10d19e9 5th commit
* | |   6152fce 7th commmit
|\ \ \
| |_|/
|/| |
| * | d091edd 6th commit
* | |   7f925f2 4th commmit
|\ \ \
| |/ /
| | /
| |/
|/|
| * ee593d8 2nd commit
* | ce62070 3rd commit
|/
* 1166e53 1st commit
